============================= test session starts =============================
platform win32 -- Python 3.10.11, pytest-8.4.1, pluggy-1.6.0
rootdir: D:\Projects\omnichannel-agentic-commerce\backend
configfile: pytest.ini
plugins: anyio-4.9.0, asyncio-1.3.0, cov-6.2.1
asyncio: mode=strict, debug=False, asyncio_default_fixture_loop_scope=None, asyncio_default_test_loop_scope=function
collected 90 items / 85 deselected / 5 selected

tests\unit\test_perf_smoke_script.py .                                   [ 20%]
tests\unit\test_repositories.py ..F                                      [ 80%]
tests\unit\test_repository_fallbacks.py F                                [100%]

================================== FAILURES ===================================
______________ test_session_repository_cleanup_expired_sessions _______________
tests\unit\test_repositories.py:327: in test_session_repository_cleanup_expired_sessions
    assert removed == 1
E   assert 0 == 1
_________ test_session_repository_external_fallbacks_delete_and_count _________
D:\Projects\omnichannel-agentic-ai-commerce\backend\tests\unit\test_repository_fallbacks.py:189: in test_session_repository_external_fallbacks_delete_and_count
    ???
E   assert None is not None
=========================== short test summary info ===========================
FAILED tests/unit/test_repositories.py::test_session_repository_cleanup_expired_sessions
FAILED tests/unit/test_repository_fallbacks.py::test_session_repository_external_fallbacks_delete_and_count
================= 2 failed, 3 passed, 85 deselected in 1.72s ==================
